<?xml version="1.0" encoding="utf-8"?><testsuites name="pytest tests"><testsuite name="pytest" errors="0" failures="0" skipped="0" tests="110" time="91.499" timestamp="2026-08-12T20:06:03.069702+07:00" hostname="DESKTOP-83RF8U8"><testcase classname="tests.selenium.test_frozen_golden" name="test_ep_case_passes_on_golden[EP-REG-01]" time="2.189" /><testcase classname="tests.selenium.test_frozen_golden" name="test_ep_case_passes_on_golden[EP-REG-02]" time="0.212" /><testcase classname="tests.selenium.test_frozen_golden" name="test_ep_case_passes_on_golden[EP-REG-03]" time="0.712" /><testcase classname="tests.selenium.test_frozen_golden" name="test_ep_case_passes_on_golden[EP-REG-04]" time="0.766" /><testcase classname="tests.selenium.test_frozen_golden" name="test_ep_case_passes_on_golden[EP-REG-05]" time="0.786" /><testcase classname="tests.selenium.test_frozen_golden" name="test_ep_case_passes_on_golden[EP-REG-06]" time="0.779" /><testcase classname="tests.selenium.test_frozen_golden" name="test_ep_case_passes_on_golden[EP-REG-07]" time="0.718" /><testcase classname="tests.selenium.test_frozen_golden" name="test_ep_case_passes_on_golden[EP-REG-08]" time="0.762" /><testcase classname="tests.selenium.test_frozen_golden" name="test_ep_case_passes_on_golden[EP-REG-09]" time="0.783" /><testcase classname="tests.selenium.test_frozen_golden" name="test_ep_case_passes_on_golden[EP-REG-10]" time="0.744" /><testcase classname="tests.selenium.test_frozen_golden" name="test_ep_case_passes_on_golden[EP-SHIP-01]" time="0.692" /><testcase classname="tests.selenium.test_frozen_golden" name="test_ep_case_passes_on_golden[EP-SHIP-02]" time="0.732" /><testcase classname="tests.selenium.test_frozen_golden" name="test_ep_case_passes_on_golden[EP-SHIP-03]" time="0.707" /><testcase classname="tests.selenium.test_frozen_golden" name="test_ep_case_passes_on_golden[EP-SHIP-04]" time="0.673" /><testcase classname="tests.selenium.test_frozen_golden" name="test_ep_case_passes_on_golden[EP-SHIP-05]" time="1.204" /><testcase classname="tests.selenium.test_frozen_golden" name="test_ep_case_passes_on_golden[EP-SHIP-06]" time="0.754" /><testcase classname="tests.selenium.test_frozen_golden" name="test_ep_case_passes_on_golden[EP-SHIP-07]" time="1.279" /><testcase classname="tests.selenium.test_frozen_golden" name="test_ep_case_passes_on_golden[EP-SHIP-08]" time="0.715" /><testcase classname="tests.selenium.test_frozen_golden" name="test_ep_case_passes_on_golden[EP-SHIP-09]" time="0.768" /><testcase classname="tests.selenium.test_frozen_golden" name="test_ep_case_passes_on_golden[EP-LOAN-01]" time="0.729" /><testcase classname="tests.selenium.test_frozen_golden" name="test_ep_case_passes_on_golden[EP-LOAN-02]" time="1.320" /><testcase classname="tests.selenium.test_frozen_golden" name="test_ep_case_passes_on_golden[EP-LOAN-03]" time="0.715" /><testcase classname="tests.selenium.test_frozen_golden" name="test_ep_case_passes_on_golden[EP-LOAN-04]" time="0.771" /><testcase classname="tests.selenium.test_frozen_golden" name="test_ep_case_passes_on_golden[EP-LOAN-05]" time="0.758" /><testcase classname="tests.selenium.test_frozen_golden" name="test_ep_case_passes_on_golden[EP-LOAN-06]" time="1.250" /><testcase classname="tests.selenium.test_frozen_golden" name="test_ep_case_passes_on_golden[EP-LOAN-07]" time="1.377" /><testcase classname="tests.selenium.test_frozen_golden" name="test_ep_case_passes_on_golden[EP-LOAN-08]" time="1.343" /><testcase classname="tests.selenium.test_frozen_golden" name="test_ep_case_passes_on_golden[EP-LOAN-09]" time="1.517" /><testcase classname="tests.selenium.test_frozen_golden" name="test_ep_case_passes_on_golden[EP-LOAN-10]" time="1.591" /><testcase classname="tests.selenium.test_frozen_golden" name="test_ep_case_passes_on_golden[EP-LOAN-11]" time="1.022" /><testcase classname="tests.selenium.test_frozen_golden" name="test_bva_case_passes_on_golden[BVA-REG-USER-01]" time="0.917" /><testcase classname="tests.selenium.test_frozen_golden" name="test_bva_case_passes_on_golden[BVA-REG-USER-02]" time="0.864" /><testcase classname="tests.selenium.test_frozen_golden" name="test_bva_case_passes_on_golden[BVA-REG-USER-03]" time="0.235" /><testcase classname="tests.selenium.test_frozen_golden" name="test_bva_case_passes_on_golden[BVA-REG-USER-04]" time="0.218" /><testcase classname="tests.selenium.test_frozen_golden" name="test_bva_case_passes_on_golden[BVA-REG-USER-05]" time="0.210" /><testcase classname="tests.selenium.test_frozen_golden" name="test_bva_case_passes_on_golden[BVA-REG-USER-06]" time="0.750" /><testcase classname="tests.selenium.test_frozen_golden" name="test_bva_case_passes_on_golden[BVA-REG-AGE-01]" time="0.740" /><testcase classname="tests.selenium.test_frozen_golden" name="test_bva_case_passes_on_golden[BVA-REG-AGE-02]" time="0.249" /><testcase classname="tests.selenium.test_frozen_golden" name="test_bva_case_passes_on_golden[BVA-REG-AGE-03]" time="0.332" /><testcase classname="tests.selenium.test_frozen_golden" name="test_bva_case_passes_on_golden[BVA-REG-AGE-04]" time="0.237" /><testcase classname="tests.selenium.test_frozen_golden" name="test_bva_case_passes_on_golden[BVA-REG-AGE-05]" time="0.235" /><testcase classname="tests.selenium.test_frozen_golden" name="test_bva_case_passes_on_golden[BVA-REG-AGE-06]" time="0.809" /><testcase classname="tests.selenium.test_frozen_golden" name="test_bva_case_passes_on_golden[BVA-REG-PASS-01]" time="0.733" /><testcase classname="tests.selenium.test_frozen_golden" name="test_bva_case_passes_on_golden[BVA-REG-PASS-02]" time="0.333" /><testcase classname="tests.selenium.test_frozen_golden" name="test_bva_case_passes_on_golden[BVA-REG-PASS-03]" time="0.277" /><testcase classname="tests.selenium.test_frozen_golden" name="test_bva_case_passes_on_golden[BVA-REG-PASS-04]" time="0.272" /><testcase classname="tests.selenium.test_frozen_golden" name="test_bva_case_passes_on_golden[BVA-REG-PASS-05]" time="0.232" /><testcase classname="tests.selenium.test_frozen_golden" name="test_bva_case_passes_on_golden[BVA-REG-PASS-06]" time="0.370" /><testcase classname="tests.selenium.test_frozen_golden" name="test_bva_case_passes_on_golden[BVA-SHIP-POS-01]" time="0.664" /><testcase classname="tests.selenium.test_frozen_golden" name="test_bva_case_passes_on_golden[BVA-SHIP-POS-02]" time="0.700" /><testcase classname="tests.selenium.test_frozen_golden" name="test_bva_case_passes_on_golden[BVA-SHIP-POS-03]" time="0.685" /><testcase classname="tests.selenium.test_frozen_golden" name="test_bva_case_passes_on_golden[BVA-SHIP-COUPON-01]" time="0.736" /><testcase classname="tests.selenium.test_frozen_golden" name="test_bva_case_passes_on_golden[BVA-SHIP-COUPON-02]" time="1.175" /><testcase classname="tests.selenium.test_frozen_golden" name="test_bva_case_passes_on_golden[BVA-SHIP-COUPON-03]" time="1.261" /><testcase classname="tests.selenium.test_frozen_golden" name="test_bva_case_passes_on_golden[BVA-SHIP-FREE-01]" time="1.235" /><testcase classname="tests.selenium.test_frozen_golden" name="test_bva_case_passes_on_golden[BVA-SHIP-FREE-02]" time="0.726" /><testcase classname="tests.selenium.test_frozen_golden" name="test_bva_case_passes_on_golden[BVA-SHIP-FREE-03]" time="0.740" /><testcase classname="tests.selenium.test_frozen_golden" name="test_bva_case_passes_on_golden[BVA-SHIP-VIP-01]" time="0.672" /><testcase classname="tests.selenium.test_frozen_golden" name="test_bva_case_passes_on_golden[BVA-SHIP-VIP-02]" time="0.696" /><testcase classname="tests.selenium.test_frozen_golden" name="test_bva_case_passes_on_golden[BVA-SHIP-VIP-03]" time="0.734" /><testcase classname="tests.selenium.test_frozen_golden" name="test_bva_case_passes_on_golden[BVA-LOAN-AGE-01]" time="0.749" /><testcase classname="tests.selenium.test_frozen_golden" name="test_bva_case_passes_on_golden[BVA-LOAN-AGE-02]" time="0.731" /><testcase classname="tests.selenium.test_frozen_golden" name="test_bva_case_passes_on_golden[BVA-LOAN-AGE-03]" time="1.262" /><testcase classname="tests.selenium.test_frozen_golden" name="test_bva_case_passes_on_golden[BVA-LOAN-AGE-04]" time="0.724" /><testcase classname="tests.selenium.test_frozen_golden" name="test_bva_case_passes_on_golden[BVA-LOAN-AGE-05]" time="0.748" /><testcase classname="tests.selenium.test_frozen_golden" name="test_bva_case_passes_on_golden[BVA-LOAN-AGE-06]" time="0.749" /><testcase classname="tests.selenium.test_frozen_golden" name="test_bva_case_passes_on_golden[BVA-LOAN-INCOME-01]" time="0.749" /><testcase classname="tests.selenium.test_frozen_golden" name="test_bva_case_passes_on_golden[BVA-LOAN-INCOME-02]" time="0.790" /><testcase classname="tests.selenium.test_frozen_golden" name="test_bva_case_passes_on_golden[BVA-LOAN-INCOME-03]" time="0.711" /><testcase classname="tests.selenium.test_frozen_golden" name="test_bva_case_passes_on_golden[BVA-LOAN-SCORE-01]" time="0.710" /><testcase classname="tests.selenium.test_frozen_golden" name="test_bva_case_passes_on_golden[BVA-LOAN-SCORE-02]" time="1.233" /><testcase classname="tests.selenium.test_frozen_golden" name="test_bva_case_passes_on_golden[BVA-LOAN-SCORE-03]" time="1.310" /><testcase classname="tests.selenium.test_frozen_golden" name="test_bva_case_passes_on_golden[BVA-LOAN-SCORE-04]" time="1.343" /><testcase classname="tests.selenium.test_frozen_golden" name="test_bva_case_passes_on_golden[BVA-LOAN-SCORE-05]" time="0.726" /><testcase classname="tests.selenium.test_frozen_golden" name="test_bva_case_passes_on_golden[BVA-LOAN-SCORE-06]" time="1.290" /><testcase classname="tests.selenium.test_frozen_golden" name="test_bva_case_passes_on_golden[BVA-LOAN-POS-01]" time="0.729" /><testcase classname="tests.selenium.test_frozen_golden" name="test_bva_case_passes_on_golden[BVA-LOAN-POS-02]" time="0.758" /><testcase classname="tests.selenium.test_frozen_golden" name="test_bva_case_passes_on_golden[BVA-LOAN-POS-03]" time="0.741" /><testcase classname="tests.selenium.test_frozen_golden" name="test_bva_case_passes_on_golden[BVA-LOAN-MAX-01]" time="0.756" /><testcase classname="tests.selenium.test_frozen_golden" name="test_bva_case_passes_on_golden[BVA-LOAN-MAX-02]" time="0.765" /><testcase classname="tests.selenium.test_frozen_golden" name="test_bva_case_passes_on_golden[BVA-LOAN-MAX-03]" time="0.728" /><testcase classname="tests.selenium.test_frozen_golden" name="test_dtt_case_passes_on_golden[DT-REG-01]" time="0.335" /><testcase classname="tests.selenium.test_frozen_golden" name="test_dtt_case_passes_on_golden[DT-REG-02]" time="0.265" /><testcase classname="tests.selenium.test_frozen_golden" name="test_dtt_case_passes_on_golden[DT-REG-03]" time="0.307" /><testcase classname="tests.selenium.test_frozen_golden" name="test_dtt_case_passes_on_golden[DT-REG-04]" time="0.241" /><testcase classname="tests.selenium.test_frozen_golden" name="test_dtt_case_passes_on_golden[DT-REG-05]" time="0.719" /><testcase classname="tests.selenium.test_frozen_golden" name="test_dtt_case_passes_on_golden[DT-REG-06]" time="0.711" /><testcase classname="tests.selenium.test_frozen_golden" name="test_dtt_case_passes_on_golden[DT-SHIP-01]" time="1.190" /><testcase classname="tests.selenium.test_frozen_golden" name="test_dtt_case_passes_on_golden[DT-SHIP-02]" time="0.687" /><testcase classname="tests.selenium.test_frozen_golden" name="test_dtt_case_passes_on_golden[DT-SHIP-03]" time="0.690" /><testcase classname="tests.selenium.test_frozen_golden" name="test_dtt_case_passes_on_golden[DT-SHIP-04]" time="1.273" /><testcase classname="tests.selenium.test_frozen_golden" name="test_dtt_case_passes_on_golden[DT-SHIP-05]" time="0.710" /><testcase classname="tests.selenium.test_frozen_golden" name="test_dtt_case_passes_on_golden[DT-SHIP-06]" time="1.217" /><testcase classname="tests.selenium.test_frozen_golden" name="test_dtt_case_passes_on_golden[DT-SHIP-07]" time="0.729" /><testcase classname="tests.selenium.test_frozen_golden" name="test_dtt_case_passes_on_golden[DT-SHIP-08]" time="1.201" /><testcase classname="tests.selenium.test_frozen_golden" name="test_dtt_case_passes_on_golden[DT-SHIP-09]" time="1.304" /><testcase classname="tests.selenium.test_frozen_golden" name="test_dtt_case_passes_on_golden[DT-SHIP-10]" time="0.719" /><testcase classname="tests.selenium.test_frozen_golden" name="test_dtt_case_passes_on_golden[DT-SHIP-11]" time="0.677" /><testcase classname="tests.selenium.test_frozen_golden" name="test_dtt_case_passes_on_golden[DT-SHIP-12]" time="1.286" /><testcase classname="tests.selenium.test_frozen_golden" name="test_dtt_case_passes_on_golden[DT-SHIP-13]" time="0.702" /><testcase classname="tests.selenium.test_frozen_golden" name="test_dtt_case_passes_on_golden[DT-SHIP-14]" time="0.697" /><testcase classname="tests.selenium.test_frozen_golden" name="test_dtt_case_passes_on_golden[DT-SHIP-15]" time="1.284" /><testcase classname="tests.selenium.test_frozen_golden" name="test_dtt_case_passes_on_golden[DT-SHIP-16]" time="0.688" /><testcase classname="tests.selenium.test_frozen_golden" name="test_dtt_case_passes_on_golden[DT-SHIP-17]" time="0.718" /><testcase classname="tests.selenium.test_frozen_golden" name="test_dtt_case_passes_on_golden[DT-LOAN-01]" time="0.726" /><testcase classname="tests.selenium.test_frozen_golden" name="test_dtt_case_passes_on_golden[DT-LOAN-02]" time="0.713" /><testcase classname="tests.selenium.test_frozen_golden" name="test_dtt_case_passes_on_golden[DT-LOAN-03]" time="0.717" /><testcase classname="tests.selenium.test_frozen_golden" name="test_dtt_case_passes_on_golden[DT-LOAN-04]" time="1.303" /><testcase classname="tests.selenium.test_frozen_golden" name="test_dtt_case_passes_on_golden[DT-LOAN-05]" time="1.340" /><testcase classname="tests.selenium.test_frozen_golden" name="test_dtt_case_passes_on_golden[DT-LOAN-06]" time="3.575" /></testsuite></testsuites>