<?xml version="1.0" encoding="utf-8"?><testsuites name="pytest tests"><testsuite name="pytest" errors="0" failures="0" skipped="0" tests="110" time="98.948" timestamp="2026-08-14T15:02:48.306166+07:00" hostname="DESKTOP-83RF8U8"><testcase classname="tests.selenium.test_frozen_golden" name="test_ep_case_passes_on_golden[EP-REG-01]" time="4.550" /><testcase classname="tests.selenium.test_frozen_golden" name="test_ep_case_passes_on_golden[EP-REG-02]" time="0.377" /><testcase classname="tests.selenium.test_frozen_golden" name="test_ep_case_passes_on_golden[EP-REG-03]" time="0.314" /><testcase classname="tests.selenium.test_frozen_golden" name="test_ep_case_passes_on_golden[EP-REG-04]" time="0.844" /><testcase classname="tests.selenium.test_frozen_golden" name="test_ep_case_passes_on_golden[EP-REG-05]" time="0.817" /><testcase classname="tests.selenium.test_frozen_golden" name="test_ep_case_passes_on_golden[EP-REG-06]" time="0.747" /><testcase classname="tests.selenium.test_frozen_golden" name="test_ep_case_passes_on_golden[EP-REG-07]" time="0.764" /><testcase classname="tests.selenium.test_frozen_golden" name="test_ep_case_passes_on_golden[EP-REG-08]" time="0.324" /><testcase classname="tests.selenium.test_frozen_golden" name="test_ep_case_passes_on_golden[EP-REG-09]" time="0.348" /><testcase classname="tests.selenium.test_frozen_golden" name="test_ep_case_passes_on_golden[EP-REG-10]" time="0.846" /><testcase classname="tests.selenium.test_frozen_golden" name="test_ep_case_passes_on_golden[EP-SHIP-01]" time="1.290" /><testcase classname="tests.selenium.test_frozen_golden" name="test_ep_case_passes_on_golden[EP-SHIP-02]" time="0.762" /><testcase classname="tests.selenium.test_frozen_golden" name="test_ep_case_passes_on_golden[EP-SHIP-03]" time="0.918" /><testcase classname="tests.selenium.test_frozen_golden" name="test_ep_case_passes_on_golden[EP-SHIP-04]" time="0.777" /><testcase classname="tests.selenium.test_frozen_golden" name="test_ep_case_passes_on_golden[EP-SHIP-05]" time="0.801" /><testcase classname="tests.selenium.test_frozen_golden" name="test_ep_case_passes_on_golden[EP-SHIP-06]" time="0.854" /><testcase classname="tests.selenium.test_frozen_golden" name="test_ep_case_passes_on_golden[EP-SHIP-07]" time="0.772" /><testcase classname="tests.selenium.test_frozen_golden" name="test_ep_case_passes_on_golden[EP-SHIP-08]" time="0.901" /><testcase classname="tests.selenium.test_frozen_golden" name="test_ep_case_passes_on_golden[EP-SHIP-09]" time="0.781" /><testcase classname="tests.selenium.test_frozen_golden" name="test_ep_case_passes_on_golden[EP-LOAN-01]" time="0.887" /><testcase classname="tests.selenium.test_frozen_golden" name="test_ep_case_passes_on_golden[EP-LOAN-02]" time="0.773" /><testcase classname="tests.selenium.test_frozen_golden" name="test_ep_case_passes_on_golden[EP-LOAN-03]" time="0.777" /><testcase classname="tests.selenium.test_frozen_golden" name="test_ep_case_passes_on_golden[EP-LOAN-04]" time="0.816" /><testcase classname="tests.selenium.test_frozen_golden" name="test_ep_case_passes_on_golden[EP-LOAN-05]" time="1.282" /><testcase classname="tests.selenium.test_frozen_golden" name="test_ep_case_passes_on_golden[EP-LOAN-06]" time="1.472" /><testcase classname="tests.selenium.test_frozen_golden" name="test_ep_case_passes_on_golden[EP-LOAN-07]" time="0.945" /><testcase classname="tests.selenium.test_frozen_golden" name="test_ep_case_passes_on_golden[EP-LOAN-08]" time="0.416" /><testcase classname="tests.selenium.test_frozen_golden" name="test_ep_case_passes_on_golden[EP-LOAN-09]" time="1.037" /><testcase classname="tests.selenium.test_frozen_golden" name="test_ep_case_passes_on_golden[EP-LOAN-10]" time="0.956" /><testcase classname="tests.selenium.test_frozen_golden" name="test_ep_case_passes_on_golden[EP-LOAN-11]" time="0.999" /><testcase classname="tests.selenium.test_frozen_golden" name="test_bva_case_passes_on_golden[BVA-REG-USER-01]" time="0.578" /><testcase classname="tests.selenium.test_frozen_golden" name="test_bva_case_passes_on_golden[BVA-REG-USER-02]" time="0.554" /><testcase classname="tests.selenium.test_frozen_golden" name="test_bva_case_passes_on_golden[BVA-REG-USER-03]" time="0.603" /><testcase classname="tests.selenium.test_frozen_golden" name="test_bva_case_passes_on_golden[BVA-REG-USER-04]" time="0.880" /><testcase classname="tests.selenium.test_frozen_golden" name="test_bva_case_passes_on_golden[BVA-REG-USER-05]" time="0.547" /><testcase classname="tests.selenium.test_frozen_golden" name="test_bva_case_passes_on_golden[BVA-REG-USER-06]" time="0.414" /><testcase classname="tests.selenium.test_frozen_golden" name="test_bva_case_passes_on_golden[BVA-REG-AGE-01]" time="0.815" /><testcase classname="tests.selenium.test_frozen_golden" name="test_bva_case_passes_on_golden[BVA-REG-AGE-02]" time="0.351" /><testcase classname="tests.selenium.test_frozen_golden" name="test_bva_case_passes_on_golden[BVA-REG-AGE-03]" time="0.324" /><testcase classname="tests.selenium.test_frozen_golden" name="test_bva_case_passes_on_golden[BVA-REG-AGE-04]" time="0.370" /><testcase classname="tests.selenium.test_frozen_golden" name="test_bva_case_passes_on_golden[BVA-REG-AGE-05]" time="0.539" /><testcase classname="tests.selenium.test_frozen_golden" name="test_bva_case_passes_on_golden[BVA-REG-AGE-06]" time="0.466" /><testcase classname="tests.selenium.test_frozen_golden" name="test_bva_case_passes_on_golden[BVA-REG-PASS-01]" time="1.159" /><testcase classname="tests.selenium.test_frozen_golden" name="test_bva_case_passes_on_golden[BVA-REG-PASS-02]" time="1.085" /><testcase classname="tests.selenium.test_frozen_golden" name="test_bva_case_passes_on_golden[BVA-REG-PASS-03]" time="1.085" /><testcase classname="tests.selenium.test_frozen_golden" name="test_bva_case_passes_on_golden[BVA-REG-PASS-04]" time="0.553" /><testcase classname="tests.selenium.test_frozen_golden" name="test_bva_case_passes_on_golden[BVA-REG-PASS-05]" time="0.418" /><testcase classname="tests.selenium.test_frozen_golden" name="test_bva_case_passes_on_golden[BVA-REG-PASS-06]" time="0.495" /><testcase classname="tests.selenium.test_frozen_golden" name="test_bva_case_passes_on_golden[BVA-SHIP-POS-01]" time="0.918" /><testcase classname="tests.selenium.test_frozen_golden" name="test_bva_case_passes_on_golden[BVA-SHIP-POS-02]" time="0.808" /><testcase classname="tests.selenium.test_frozen_golden" name="test_bva_case_passes_on_golden[BVA-SHIP-POS-03]" time="0.755" /><testcase classname="tests.selenium.test_frozen_golden" name="test_bva_case_passes_on_golden[BVA-SHIP-COUPON-01]" time="1.307" /><testcase classname="tests.selenium.test_frozen_golden" name="test_bva_case_passes_on_golden[BVA-SHIP-COUPON-02]" time="0.747" /><testcase classname="tests.selenium.test_frozen_golden" name="test_bva_case_passes_on_golden[BVA-SHIP-COUPON-03]" time="0.791" /><testcase classname="tests.selenium.test_frozen_golden" name="test_bva_case_passes_on_golden[BVA-SHIP-FREE-01]" time="1.333" /><testcase classname="tests.selenium.test_frozen_golden" name="test_bva_case_passes_on_golden[BVA-SHIP-FREE-02]" time="0.736" /><testcase classname="tests.selenium.test_frozen_golden" name="test_bva_case_passes_on_golden[BVA-SHIP-FREE-03]" time="0.741" /><testcase classname="tests.selenium.test_frozen_golden" name="test_bva_case_passes_on_golden[BVA-SHIP-VIP-01]" time="0.733" /><testcase classname="tests.selenium.test_frozen_golden" name="test_bva_case_passes_on_golden[BVA-SHIP-VIP-02]" time="0.749" /><testcase classname="tests.selenium.test_frozen_golden" name="test_bva_case_passes_on_golden[BVA-SHIP-VIP-03]" time="0.728" /><testcase classname="tests.selenium.test_frozen_golden" name="test_bva_case_passes_on_golden[BVA-LOAN-AGE-01]" time="0.891" /><testcase classname="tests.selenium.test_frozen_golden" name="test_bva_case_passes_on_golden[BVA-LOAN-AGE-02]" time="0.834" /><testcase classname="tests.selenium.test_frozen_golden" name="test_bva_case_passes_on_golden[BVA-LOAN-AGE-03]" time="0.822" /><testcase classname="tests.selenium.test_frozen_golden" name="test_bva_case_passes_on_golden[BVA-LOAN-AGE-04]" time="1.410" /><testcase classname="tests.selenium.test_frozen_golden" name="test_bva_case_passes_on_golden[BVA-LOAN-AGE-05]" time="1.375" /><testcase classname="tests.selenium.test_frozen_golden" name="test_bva_case_passes_on_golden[BVA-LOAN-AGE-06]" time="0.812" /><testcase classname="tests.selenium.test_frozen_golden" name="test_bva_case_passes_on_golden[BVA-LOAN-INCOME-01]" time="0.800" /><testcase classname="tests.selenium.test_frozen_golden" name="test_bva_case_passes_on_golden[BVA-LOAN-INCOME-02]" time="1.401" /><testcase classname="tests.selenium.test_frozen_golden" name="test_bva_case_passes_on_golden[BVA-LOAN-INCOME-03]" time="1.440" /><testcase classname="tests.selenium.test_frozen_golden" name="test_bva_case_passes_on_golden[BVA-LOAN-SCORE-01]" time="1.474" /><testcase classname="tests.selenium.test_frozen_golden" name="test_bva_case_passes_on_golden[BVA-LOAN-SCORE-02]" time="0.896" /><testcase classname="tests.selenium.test_frozen_golden" name="test_bva_case_passes_on_golden[BVA-LOAN-SCORE-03]" time="1.333" /><testcase classname="tests.selenium.test_frozen_golden" name="test_bva_case_passes_on_golden[BVA-LOAN-SCORE-04]" time="1.463" /><testcase classname="tests.selenium.test_frozen_golden" name="test_bva_case_passes_on_golden[BVA-LOAN-SCORE-05]" time="0.790" /><testcase classname="tests.selenium.test_frozen_golden" name="test_bva_case_passes_on_golden[BVA-LOAN-SCORE-06]" time="0.880" /><testcase classname="tests.selenium.test_frozen_golden" name="test_bva_case_passes_on_golden[BVA-LOAN-POS-01]" time="0.779" /><testcase classname="tests.selenium.test_frozen_golden" name="test_bva_case_passes_on_golden[BVA-LOAN-POS-02]" time="0.924" /><testcase classname="tests.selenium.test_frozen_golden" name="test_bva_case_passes_on_golden[BVA-LOAN-POS-03]" time="0.912" /><testcase classname="tests.selenium.test_frozen_golden" name="test_bva_case_passes_on_golden[BVA-LOAN-MAX-01]" time="0.857" /><testcase classname="tests.selenium.test_frozen_golden" name="test_bva_case_passes_on_golden[BVA-LOAN-MAX-02]" time="0.844" /><testcase classname="tests.selenium.test_frozen_golden" name="test_bva_case_passes_on_golden[BVA-LOAN-MAX-03]" time="0.827" /><testcase classname="tests.selenium.test_frozen_golden" name="test_dtt_case_passes_on_golden[DT-REG-01]" time="0.866" /><testcase classname="tests.selenium.test_frozen_golden" name="test_dtt_case_passes_on_golden[DT-REG-02]" time="0.350" /><testcase classname="tests.selenium.test_frozen_golden" name="test_dtt_case_passes_on_golden[DT-REG-03]" time="0.885" /><testcase classname="tests.selenium.test_frozen_golden" name="test_dtt_case_passes_on_golden[DT-REG-04]" time="0.353" /><testcase classname="tests.selenium.test_frozen_golden" name="test_dtt_case_passes_on_golden[DT-REG-05]" time="0.373" /><testcase classname="tests.selenium.test_frozen_golden" name="test_dtt_case_passes_on_golden[DT-REG-06]" time="0.429" /><testcase classname="tests.selenium.test_frozen_golden" name="test_dtt_case_passes_on_golden[DT-SHIP-01]" time="0.397" /><testcase classname="tests.selenium.test_frozen_golden" name="test_dtt_case_passes_on_golden[DT-SHIP-02]" time="0.862" /><testcase classname="tests.selenium.test_frozen_golden" name="test_dtt_case_passes_on_golden[DT-SHIP-03]" time="0.913" /><testcase classname="tests.selenium.test_frozen_golden" name="test_dtt_case_passes_on_golden[DT-SHIP-04]" time="0.436" /><testcase classname="tests.selenium.test_frozen_golden" name="test_dtt_case_passes_on_golden[DT-SHIP-05]" time="0.396" /><testcase classname="tests.selenium.test_frozen_golden" name="test_dtt_case_passes_on_golden[DT-SHIP-06]" time="0.884" /><testcase classname="tests.selenium.test_frozen_golden" name="test_dtt_case_passes_on_golden[DT-SHIP-07]" time="0.873" /><testcase classname="tests.selenium.test_frozen_golden" name="test_dtt_case_passes_on_golden[DT-SHIP-08]" time="1.273" /><testcase classname="tests.selenium.test_frozen_golden" name="test_dtt_case_passes_on_golden[DT-SHIP-09]" time="1.338" /><testcase classname="tests.selenium.test_frozen_golden" name="test_dtt_case_passes_on_golden[DT-SHIP-10]" time="0.733" /><testcase classname="tests.selenium.test_frozen_golden" name="test_dtt_case_passes_on_golden[DT-SHIP-11]" time="1.256" /><testcase classname="tests.selenium.test_frozen_golden" name="test_dtt_case_passes_on_golden[DT-SHIP-12]" time="0.729" /><testcase classname="tests.selenium.test_frozen_golden" name="test_dtt_case_passes_on_golden[DT-SHIP-13]" time="0.773" /><testcase classname="tests.selenium.test_frozen_golden" name="test_dtt_case_passes_on_golden[DT-SHIP-14]" time="1.292" /><testcase classname="tests.selenium.test_frozen_golden" name="test_dtt_case_passes_on_golden[DT-SHIP-15]" time="1.352" /><testcase classname="tests.selenium.test_frozen_golden" name="test_dtt_case_passes_on_golden[DT-SHIP-16]" time="0.806" /><testcase classname="tests.selenium.test_frozen_golden" name="test_dtt_case_passes_on_golden[DT-SHIP-17]" time="0.820" /><testcase classname="tests.selenium.test_frozen_golden" name="test_dtt_case_passes_on_golden[DT-LOAN-01]" time="0.866" /><testcase classname="tests.selenium.test_frozen_golden" name="test_dtt_case_passes_on_golden[DT-LOAN-02]" time="0.826" /><testcase classname="tests.selenium.test_frozen_golden" name="test_dtt_case_passes_on_golden[DT-LOAN-03]" time="1.370" /><testcase classname="tests.selenium.test_frozen_golden" name="test_dtt_case_passes_on_golden[DT-LOAN-04]" time="1.375" /><testcase classname="tests.selenium.test_frozen_golden" name="test_dtt_case_passes_on_golden[DT-LOAN-05]" time="1.408" /><testcase classname="tests.selenium.test_frozen_golden" name="test_dtt_case_passes_on_golden[DT-LOAN-06]" time="3.105" /></testsuite></testsuites>